<?xml version="1.0" encoding="UTF-8"?>
<testng-results ignored="0" total="1" passed="1" failed="0" skipped="0">
  <reporter-output>
  </reporter-output>
  <suite started-at="2025-01-29T07:54:03 IST" name="Default suite" finished-at="2025-01-29T07:57:18 IST" duration-ms="195655">
    <groups>
    </groups>
    <test started-at="2025-01-29T07:54:03 IST" name="Default test" finished-at="2025-01-29T07:57:18 IST" duration-ms="195655">
      <class name="com.studentApp.StudentApplication.ScreenshotsAndChromeOption">
        <test-method signature="screenshotsAndchromeOption()[pri:0, instance:com.studentApp.StudentApplication.ScreenshotsAndChromeOption@72035809]" started-at="2025-01-29T07:54:03 IST" name="screenshotsAndchromeOption" finished-at="2025-01-29T07:57:18 IST" duration-ms="195245" status="PASS">
          <reporter-output>
          </reporter-output>
        </test-method> <!-- screenshotsAndchromeOption -->
      </class> <!-- com.studentApp.StudentApplication.ScreenshotsAndChromeOption -->
    </test> <!-- Default test -->
  </suite> <!-- Default suite -->
</testng-results>
